<?xml version="1.0" encoding="UTF-8"?>
<!-- Generated by org.testng.reporters.JUnitReportReporter -->
<testsuite hostname="DESKTOP-V6M2FT0" failures="0" tests="3" name="org.test.lambdatest.apps.NestedIFrameTest" time="-1747249536.000" errors="1" timestamp="2025-05-14T12:06:24 PDT" skipped="2">
  <testcase classname="org.test.lambdatest.apps.NestedIFrameTest" name="initializeDriver" time="-1747249536.000">
    <error message="
Parameter &#039;browser&#039; is required by BeforeClass on method initializeDriver but has not been marked @Optional or defined
in C:\Users\rinzi\AppData\Local\Temp\testng-eclipse-335748022\testng-customsuite.xml" type="org.testng.TestNGException">
      <![CDATA[org.testng.TestNGException: 
Parameter 'browser' is required by BeforeClass on method initializeDriver but has not been marked @Optional or defined
in C:\Users\rinzi\AppData\Local\Temp\testng-eclipse-335748022\testng-customsuite.xml
at org.testng.internal.Parameters.createParams(Parameters.java:267)
at org.testng.internal.Parameters.createParametersForMethod(Parameters.java:355)
at org.testng.internal.Parameters.createParameters(Parameters.java:693)
at org.testng.internal.Parameters.createConfigurationParameters(Parameters.java:166)
at org.testng.internal.invokers.ConfigInvoker.invokeConfigurations(ConfigInvoker.java:306)
at org.testng.internal.invokers.TestMethodWorker.invokeBeforeClassMethods(TestMethodWorker.java:180)
at org.testng.internal.invokers.TestMethodWorker.run(TestMethodWorker.java:122)
at java.base/java.util.ArrayList.forEach(ArrayList.java:1511)
at org.testng.TestRunner.privateRun(TestRunner.java:819)
at org.testng.TestRunner.run(TestRunner.java:619)
at org.testng.SuiteRunner.runTest(SuiteRunner.java:443)
at org.testng.SuiteRunner.runSequentially(SuiteRunner.java:437)
at org.testng.SuiteRunner.privateRun(SuiteRunner.java:397)
at org.testng.SuiteRunner.run(SuiteRunner.java:336)
at org.testng.SuiteRunnerWorker.runSuite(SuiteRunnerWorker.java:52)
at org.testng.SuiteRunnerWorker.run(SuiteRunnerWorker.java:95)
at java.base/java.util.concurrent.Executors$RunnableAdapter.call(Executors.java:539)
at java.base/java.util.concurrent.FutureTask.run(FutureTask.java:264)
at org.testng.internal.thread.graph.TestNGFutureTask.run(TestNGFutureTask.java:22)
at java.base/java.util.concurrent.ThreadPoolExecutor.runWorker(ThreadPoolExecutor.java:1136)
at java.base/java.util.concurrent.ThreadPoolExecutor$Worker.run(ThreadPoolExecutor.java:635)
at java.base/java.lang.Thread.run(Thread.java:840)
]]>
    </error>
  </testcase> <!-- initializeDriver -->
  <testcase classname="org.test.lambdatest.apps.NestedIFrameTest" name="testIFrameByName" time="0.000">
    <skipped/>
  </testcase> <!-- testIFrameByName -->
  <testcase classname="org.test.lambdatest.apps.NestedIFrameTest" name="testNestedFrame" time="0.000">
    <skipped/>
  </testcase> <!-- testNestedFrame -->
</testsuite> <!-- org.test.lambdatest.apps.NestedIFrameTest -->
